{"level":"info","message":"Bot connection ended","timestamp":"2025-03-10T19:36:06.464Z"}
{"level":"info","message":"Attempting to reconnect (1/10)","timestamp":"2025-03-10T19:36:06.487Z"}
{"level":"info","message":"Bot connection ended","timestamp":"2025-03-10T19:36:11.789Z"}
{"level":"info","message":"Attempting to reconnect (2/10)","timestamp":"2025-03-10T19:36:11.791Z"}
{"level":"info","message":"Bot connection ended","timestamp":"2025-03-10T19:36:17.091Z"}
{"level":"info","message":"Attempting to reconnect (3/10)","timestamp":"2025-03-10T19:36:17.091Z"}
{"level":"info","message":"Bot connection ended","timestamp":"2025-03-10T19:36:22.405Z"}
{"level":"info","message":"Attempting to reconnect (4/10)","timestamp":"2025-03-10T19:36:22.405Z"}
{"level":"info","message":"Bot connection ended","timestamp":"2025-03-10T19:36:25.238Z"}
{"level":"info","message":"Attempting to reconnect (1/10)","timestamp":"2025-03-10T19:36:25.242Z"}
{"code":"ECONNRESET","errno":-104,"level":"error","message":"Bot encountered error: read ECONNRESET","stack":"Error: read ECONNRESET\n    at TCP.onStreamRead (node:internal/stream_base_commons:218:20)","syscall":"read","timestamp":"2025-03-10T19:36:30.548Z"}
{"level":"info","message":"Attempting to reconnect (2/10)","timestamp":"2025-03-10T19:36:30.549Z"}
{"level":"info","message":"Bot connection ended","timestamp":"2025-03-10T19:36:30.549Z"}
{"level":"info","message":"Attempting to reconnect (3/10)","timestamp":"2025-03-10T19:36:30.549Z"}
{"level":"info","message":"Bot connection ended","timestamp":"2025-03-10T19:36:35.847Z"}
{"level":"info","message":"Attempting to reconnect (4/10)","timestamp":"2025-03-10T19:36:35.849Z"}
{"level":"info","message":"Bot connection ended","timestamp":"2025-03-10T19:36:35.850Z"}
{"level":"info","message":"Attempting to reconnect (5/10)","timestamp":"2025-03-10T19:36:35.850Z"}
{"level":"info","message":"Bot connection ended","timestamp":"2025-03-10T19:36:41.147Z"}
{"level":"info","message":"Attempting to reconnect (6/10)","timestamp":"2025-03-10T19:36:41.148Z"}
{"code":"ECONNRESET","errno":-104,"level":"error","message":"Bot encountered error: read ECONNRESET","stack":"Error: read ECONNRESET\n    at TCP.onStreamRead (node:internal/stream_base_commons:218:20)","syscall":"read","timestamp":"2025-03-10T19:36:41.149Z"}
{"level":"info","message":"Attempting to reconnect (7/10)","timestamp":"2025-03-10T19:36:41.150Z"}
{"level":"info","message":"Bot connection ended","timestamp":"2025-03-10T19:36:41.150Z"}
{"level":"info","message":"Attempting to reconnect (8/10)","timestamp":"2025-03-10T19:36:41.150Z"}
{"level":"info","message":"Bot connection ended","timestamp":"2025-03-10T19:36:46.455Z"}
{"level":"info","message":"Attempting to reconnect (9/10)","timestamp":"2025-03-10T19:36:46.455Z"}
{"level":"info","message":"Bot connection ended","timestamp":"2025-03-10T19:36:46.456Z"}
{"level":"info","message":"Attempting to reconnect (10/10)","timestamp":"2025-03-10T19:36:46.456Z"}
{"code":"ECONNRESET","errno":-104,"level":"error","message":"Bot encountered error: read ECONNRESET","stack":"Error: read ECONNRESET\n    at TCP.onStreamRead (node:internal/stream_base_commons:218:20)","syscall":"read","timestamp":"2025-03-10T19:36:46.458Z"}
{"level":"info","message":"Bot connection ended. Reason: socketClosed","timestamp":"2025-03-10T19:36:47.385Z"}
{"level":"info","message":"Attempting to reconnect (1/10)","timestamp":"2025-03-10T19:36:47.388Z"}
{"level":"info","message":"Bot connection ended. Reason: socketClosed","timestamp":"2025-03-10T19:36:52.696Z"}
{"level":"info","message":"Attempting to reconnect (2/10)","timestamp":"2025-03-10T19:36:52.697Z"}
{"level":"info","message":"Bot connection ended. Reason: socketClosed","timestamp":"2025-03-10T19:36:55.532Z"}
{"level":"info","message":"Attempting to reconnect (1/10)","timestamp":"2025-03-10T19:36:55.534Z"}
{"level":"info","message":"Bot connection ended. Reason: socketClosed","timestamp":"2025-03-10T19:37:00.834Z"}
{"level":"info","message":"Attempting to reconnect (2/10)","timestamp":"2025-03-10T19:37:00.835Z"}
{"level":"info","message":"Bot connection ended. Reason: socketClosed","timestamp":"2025-03-10T19:37:06.133Z"}
{"level":"info","message":"Attempting to reconnect (3/10)","timestamp":"2025-03-10T19:37:06.133Z"}
{"code":"ECONNRESET","errno":-104,"level":"error","message":"Bot encountered error: read ECONNRESET","stack":"Error: read ECONNRESET\n    at TCP.onStreamRead (node:internal/stream_base_commons:218:20)","syscall":"read","timestamp":"2025-03-10T19:37:11.440Z"}
{"level":"error","message":"Error details: read ECONNRESET","timestamp":"2025-03-10T19:37:11.441Z"}
{"level":"error","message":"Error code: ECONNRESET","timestamp":"2025-03-10T19:37:11.441Z"}
{"level":"info","message":"Attempting to reconnect (4/10)","timestamp":"2025-03-10T19:37:11.441Z"}
{"level":"info","message":"Bot connection ended. Reason: socketClosed","timestamp":"2025-03-10T19:37:11.442Z"}
{"level":"info","message":"Attempting to reconnect (5/10)","timestamp":"2025-03-10T19:37:11.442Z"}
{"level":"info","message":"Bot connection ended. Reason: socketClosed","timestamp":"2025-03-10T19:37:16.742Z"}
{"level":"info","message":"Attempting to reconnect (6/10)","timestamp":"2025-03-10T19:37:16.743Z"}
{"level":"info","message":"Bot connection ended. Reason: socketClosed","timestamp":"2025-03-10T19:37:16.744Z"}
{"level":"info","message":"Attempting to reconnect (7/10)","timestamp":"2025-03-10T19:37:16.744Z"}
{"level":"info","message":"Bot connection ended. Reason: socketClosed","timestamp":"2025-03-10T19:37:22.043Z"}
{"level":"info","message":"Attempting to reconnect (8/10)","timestamp":"2025-03-10T19:37:22.044Z"}
{"code":"ECONNRESET","errno":-104,"level":"error","message":"Bot encountered error: read ECONNRESET","stack":"Error: read ECONNRESET\n    at TCP.onStreamRead (node:internal/stream_base_commons:218:20)","syscall":"read","timestamp":"2025-03-10T19:37:22.045Z"}
{"level":"error","message":"Error details: read ECONNRESET","timestamp":"2025-03-10T19:37:22.045Z"}
{"level":"error","message":"Error code: ECONNRESET","timestamp":"2025-03-10T19:37:22.045Z"}
{"level":"info","message":"Attempting to reconnect (9/10)","timestamp":"2025-03-10T19:37:22.046Z"}
{"level":"info","message":"Bot connection ended. Reason: socketClosed","timestamp":"2025-03-10T19:37:22.046Z"}
{"level":"info","message":"Attempting to reconnect (10/10)","timestamp":"2025-03-10T19:37:22.046Z"}
{"code":"ECONNRESET","errno":-104,"level":"error","message":"Bot encountered error: read ECONNRESET","stack":"Error: read ECONNRESET\n    at TCP.onStreamRead (node:internal/stream_base_commons:218:20)","syscall":"read","timestamp":"2025-03-10T19:37:27.347Z"}
{"level":"info","message":"Attempting to connect to survival-mazhar.aternos.me:43839 as MinecraftAfkBot","timestamp":"2025-03-10T19:38:11.261Z"}
{"code":"EPIPE","errno":-32,"level":"error","message":"Bot encountered error: write EPIPE","stack":"Error: write EPIPE\n    at afterWriteDispatched (node:internal/stream_base_commons:161:15)\n    at writeGeneric (node:internal/stream_base_commons:152:3)\n    at Socket._writeGeneric (node:net:958:11)\n    at Socket._write (node:net:970:8)\n    at writeOrBuffer (node:internal/streams/writable:572:12)\n    at _write (node:internal/streams/writable:501:10)\n    at Writable.write (node:internal/streams/writable:510:10)\n    at Framer.ondata (/home/runner/workspace/node_modules/readable-stream/lib/internal/streams/readable.js:707:22)\n    at Framer.emit (node:events:518:28)\n    at addChunk (/home/runner/workspace/node_modules/readable-stream/lib/internal/streams/readable.js:323:12)","syscall":"write","timestamp":"2025-03-10T19:38:11.917Z"}
{"level":"error","message":"Error details: write EPIPE","timestamp":"2025-03-10T19:38:11.919Z"}
{"level":"error","message":"Error code: EPIPE","timestamp":"2025-03-10T19:38:11.920Z"}
{"level":"info","message":"Attempting to reconnect (1/10) in 5 seconds","timestamp":"2025-03-10T19:38:11.921Z"}
{"level":"info","message":"Bot connection ended. Reason: socketClosed","timestamp":"2025-03-10T19:38:11.927Z"}
{"level":"info","message":"Attempting to reconnect (2/10) in 10 seconds","timestamp":"2025-03-10T19:38:11.927Z"}
{"level":"info","message":"Attempting to connect to survival-mazhar.aternos.me:43839 as MinecraftAfkBot","timestamp":"2025-03-10T19:38:16.927Z"}
{"level":"info","message":"Bot connection ended. Reason: socketClosed","timestamp":"2025-03-10T19:38:17.241Z"}
{"level":"info","message":"Attempting to reconnect (3/10) in 15 seconds","timestamp":"2025-03-10T19:38:17.241Z"}
{"level":"info","message":"Attempting to connect to survival-mazhar.aternos.me:43839 as MinecraftAfkBot","timestamp":"2025-03-10T19:38:21.930Z"}
{"level":"info","message":"Bot connection ended. Reason: socketClosed","timestamp":"2025-03-10T19:38:22.181Z"}
{"level":"info","message":"Attempting to reconnect (4/10) in 20 seconds","timestamp":"2025-03-10T19:38:22.182Z"}
{"level":"info","message":"Attempting to connect to survival-mazhar.aternos.me:43839 as MinecraftAfkBot","timestamp":"2025-03-10T19:38:32.246Z"}
{"level":"info","message":"Bot connection ended. Reason: socketClosed","timestamp":"2025-03-10T19:38:32.541Z"}
{"level":"info","message":"Attempting to reconnect (5/10) in 25 seconds","timestamp":"2025-03-10T19:38:32.544Z"}
{"code":"ECONNRESET","errno":-104,"level":"error","message":"Bot encountered error: read ECONNRESET","stack":"Error: read ECONNRESET\n    at TCP.onStreamRead (node:internal/stream_base_commons:218:20)","syscall":"read","timestamp":"2025-03-10T19:38:32.558Z"}
{"level":"error","message":"Error details: read ECONNRESET","timestamp":"2025-03-10T19:38:32.558Z"}
{"level":"error","message":"Error code: ECONNRESET","timestamp":"2025-03-10T19:38:32.559Z"}
{"level":"info","message":"Attempting to reconnect (6/10) in 30 seconds","timestamp":"2025-03-10T19:38:32.559Z"}
{"level":"info","message":"Attempting to connect to survival-mazhar.aternos.me:43839 as MinecraftAfkBot","timestamp":"2025-03-10T19:38:42.187Z"}
{"level":"info","message":"Bot connection ended. Reason: socketClosed","timestamp":"2025-03-10T19:38:42.485Z"}
{"level":"info","message":"Attempting to reconnect (7/10) in 35 seconds","timestamp":"2025-03-10T19:38:42.486Z"}
{"code":"ECONNRESET","errno":-104,"level":"error","message":"Bot encountered error: read ECONNRESET","stack":"Error: read ECONNRESET\n    at TCP.onStreamRead (node:internal/stream_base_commons:218:20)","syscall":"read","timestamp":"2025-03-10T19:38:42.489Z"}
{"level":"error","message":"Error details: read ECONNRESET","timestamp":"2025-03-10T19:38:42.490Z"}
{"level":"error","message":"Error code: ECONNRESET","timestamp":"2025-03-10T19:38:42.490Z"}
{"level":"info","message":"Attempting to reconnect (8/10) in 40 seconds","timestamp":"2025-03-10T19:38:42.490Z"}
{"level":"info","message":"Attempting to connect to survival-mazhar.aternos.me:43839 as MinecraftAfkBot","timestamp":"2025-03-10T19:38:57.557Z"}
{"level":"info","message":"Bot connection ended. Reason: socketClosed","timestamp":"2025-03-10T19:38:57.857Z"}
{"level":"info","message":"Attempting to reconnect (9/10) in 45 seconds","timestamp":"2025-03-10T19:38:57.857Z"}
{"code":"ECONNRESET","errno":-104,"level":"error","message":"Bot encountered error: read ECONNRESET","stack":"Error: read ECONNRESET\n    at TCP.onStreamRead (node:internal/stream_base_commons:218:20)","syscall":"read","timestamp":"2025-03-10T19:38:57.860Z"}
{"level":"error","message":"Error details: read ECONNRESET","timestamp":"2025-03-10T19:38:57.860Z"}
{"level":"error","message":"Error code: ECONNRESET","timestamp":"2025-03-10T19:38:57.860Z"}
{"level":"info","message":"Attempting to reconnect (10/10) in 50 seconds","timestamp":"2025-03-10T19:38:57.861Z"}
{"level":"info","message":"Attempting to connect to survival-mazhar.aternos.me:43839 as MinecraftAfkBot","timestamp":"2025-03-10T19:39:02.564Z"}
{"level":"info","message":"Bot connection ended. Reason: socketClosed","timestamp":"2025-03-10T19:39:02.865Z"}
{"level":"info","message":"Attempting to connect to survival-mazhar.aternos.me:43839 as MinecraftAfkBot","timestamp":"2025-03-10T22:56:13.917Z"}
{"level":"info","message":"Loading custom skin from: ./skins/default.png","timestamp":"2025-03-10T22:56:13.921Z"}
{"code":"ECONNRESET","errno":-104,"level":"error","message":"Bot encountered error: read ECONNRESET","stack":"Error: read ECONNRESET\n    at TCP.onStreamRead (node:internal/stream_base_commons:218:20)","syscall":"read","timestamp":"2025-03-10T22:56:14.855Z"}
{"level":"error","message":"Error details: read ECONNRESET","timestamp":"2025-03-10T22:56:14.855Z"}
{"level":"error","message":"Error code: ECONNRESET","timestamp":"2025-03-10T22:56:14.856Z"}
{"level":"info","message":"Attempting to reconnect (1/10) in 5 seconds","timestamp":"2025-03-10T22:56:14.856Z"}
{"code":"ECONNRESET","errno":-104,"level":"error","message":"Bot encountered error: read ECONNRESET","stack":"Error: read ECONNRESET\n    at TCP.onStreamRead (node:internal/stream_base_commons:218:20)","syscall":"read","timestamp":"2025-03-10T22:56:14.858Z"}
{"level":"error","message":"Error details: read ECONNRESET","timestamp":"2025-03-10T22:56:14.858Z"}
{"level":"error","message":"Error code: ECONNRESET","timestamp":"2025-03-10T22:56:14.858Z"}
{"level":"info","message":"Attempting to reconnect (2/10) in 10 seconds","timestamp":"2025-03-10T22:56:14.859Z"}
{"level":"info","message":"Bot connection ended. Reason: socketClosed","timestamp":"2025-03-10T22:56:14.859Z"}
{"level":"info","message":"Attempting to reconnect (3/10) in 15 seconds","timestamp":"2025-03-10T22:56:14.860Z"}
{"level":"info","message":"Attempting to connect to survival-mazhar.aternos.me:43839 as MinecraftAfkBot","timestamp":"2025-03-10T22:56:19.861Z"}
{"level":"info","message":"Loading custom skin from: ./skins/default.png","timestamp":"2025-03-10T22:56:19.861Z"}
{"level":"info","message":"Bot connection ended. Reason: socketClosed","timestamp":"2025-03-10T22:56:20.158Z"}
{"level":"info","message":"Attempting to reconnect (4/10) in 20 seconds","timestamp":"2025-03-10T22:56:20.158Z"}
{"level":"info","message":"Attempting to connect to survival-mazhar.aternos.me:43839 as MinecraftAfkBot","timestamp":"2025-03-10T22:56:24.861Z"}
{"level":"info","message":"Loading custom skin from: ./skins/default.png","timestamp":"2025-03-10T22:56:24.861Z"}
{"level":"info","message":"Bot connection ended. Reason: socketClosed","timestamp":"2025-03-10T22:56:25.154Z"}
{"level":"info","message":"Attempting to reconnect (5/10) in 25 seconds","timestamp":"2025-03-10T22:56:25.154Z"}
{"level":"info","message":"Attempting to connect to survival-mazhar.aternos.me:43839 as MinecraftAfkBot","timestamp":"2025-03-10T22:56:29.864Z"}
{"level":"info","message":"Loading custom skin from: ./skins/default.png","timestamp":"2025-03-10T22:56:29.864Z"}
{"level":"info","message":"Bot connection ended. Reason: socketClosed","timestamp":"2025-03-10T22:56:30.164Z"}
{"level":"info","message":"Attempting to reconnect (6/10) in 30 seconds","timestamp":"2025-03-10T22:56:30.165Z"}
{"level":"info","message":"Attempting to connect to survival-mazhar.aternos.me:43839 as MinecraftAfkBot","timestamp":"2025-03-10T22:56:40.169Z"}
{"level":"info","message":"Loading custom skin from: ./skins/default.png","timestamp":"2025-03-10T22:56:40.169Z"}
{"level":"info","message":"Bot connection ended. Reason: socketClosed","timestamp":"2025-03-10T22:56:40.466Z"}
{"level":"info","message":"Attempting to reconnect (7/10) in 35 seconds","timestamp":"2025-03-10T22:56:40.466Z"}
{"level":"info","message":"Attempting to connect to survival-mazhar.aternos.me:43839 as MinecraftAfkBot","timestamp":"2025-03-10T22:56:50.165Z"}
{"level":"info","message":"Loading custom skin from: ./skins/default.png","timestamp":"2025-03-10T22:56:50.165Z"}
{"level":"info","message":"Bot connection ended. Reason: socketClosed","timestamp":"2025-03-10T22:56:50.461Z"}
{"level":"info","message":"Attempting to reconnect (8/10) in 40 seconds","timestamp":"2025-03-10T22:56:50.461Z"}
{"level":"info","message":"Attempting to connect to survival-mazhar.aternos.me:43839 as MinecraftAfkBot","timestamp":"2025-03-10T22:57:00.174Z"}
{"level":"info","message":"Loading custom skin from: ./skins/default.png","timestamp":"2025-03-10T22:57:00.175Z"}
{"level":"info","message":"Bot connection ended. Reason: socketClosed","timestamp":"2025-03-10T22:57:00.471Z"}
{"level":"info","message":"Attempting to reconnect (9/10) in 45 seconds","timestamp":"2025-03-10T22:57:00.471Z"}
{"level":"warn","message":"Connection check failed - no entity","timestamp":"2025-03-10T22:57:14.586Z"}
{"level":"info","message":"Attempting to reconnect (10/10) in 50 seconds","timestamp":"2025-03-10T22:57:14.586Z"}
{"level":"info","message":"Attempting to connect to survival-mazhar.aternos.me:43839 as MinecraftAfkBot","timestamp":"2025-03-10T22:57:15.468Z"}
{"level":"info","message":"Loading custom skin from: ./skins/default.png","timestamp":"2025-03-10T22:57:15.468Z"}
{"level":"info","message":"Bot connection ended. Reason: socketClosed","timestamp":"2025-03-10T22:57:15.764Z"}
{"level":"info","message":"Attempting to connect to survival-mazhar.aternos.me:43839 as MinecraftAfkBot","timestamp":"2025-03-10T22:58:03.429Z"}
{"level":"info","message":"Loading custom skin from: ./skins/custom.png","timestamp":"2025-03-10T22:58:03.432Z"}
{"level":"info","message":"Bot connection ended. Reason: socketClosed","timestamp":"2025-03-10T22:58:03.925Z"}
{"level":"info","message":"Attempting to reconnect (1/10) in 5 seconds","timestamp":"2025-03-10T22:58:03.926Z"}
{"level":"info","message":"Attempting to connect to survival-mazhar.aternos.me:43839 as MinecraftAfkBot","timestamp":"2025-03-10T22:58:08.932Z"}
{"level":"info","message":"Loading custom skin from: ./skins/custom.png","timestamp":"2025-03-10T22:58:08.933Z"}
{"level":"info","message":"Bot connection ended. Reason: socketClosed","timestamp":"2025-03-10T22:58:09.231Z"}
{"level":"info","message":"Attempting to reconnect (2/10) in 10 seconds","timestamp":"2025-03-10T22:58:09.232Z"}
{"level":"info","message":"Attempting to connect to survival-mazhar.aternos.me:43839 as MinecraftAfkBot","timestamp":"2025-03-10T22:58:19.239Z"}
{"level":"info","message":"Loading custom skin from: ./skins/custom.png","timestamp":"2025-03-10T22:58:19.240Z"}
{"level":"info","message":"Bot connection ended. Reason: socketClosed","timestamp":"2025-03-10T22:58:19.562Z"}
{"level":"info","message":"Attempting to reconnect (3/10) in 15 seconds","timestamp":"2025-03-10T22:58:19.562Z"}
{"level":"info","message":"Attempting to connect to survival-mazhar.aternos.me:43839 as MinecraftAfkBot","timestamp":"2025-03-10T22:58:34.575Z"}
{"level":"info","message":"Loading custom skin from: ./skins/custom.png","timestamp":"2025-03-10T22:58:34.576Z"}
{"level":"info","message":"Bot connection ended. Reason: socketClosed","timestamp":"2025-03-10T22:58:34.884Z"}
{"level":"info","message":"Attempting to reconnect (4/10) in 20 seconds","timestamp":"2025-03-10T22:58:34.885Z"}
{"level":"info","message":"Attempting to connect to survival-mazhar.aternos.me:43839 as MinecraftAfkBot","timestamp":"2025-03-10T22:58:36.572Z"}
{"level":"info","message":"Loading custom skin from: ./skins/custom.png","timestamp":"2025-03-10T22:58:36.574Z"}
{"level":"info","message":"TCP Connection established, attempting server handshake","timestamp":"2025-03-10T22:58:36.839Z"}
{"level":"info","message":"Bot connection ended. Reason: socketClosed","timestamp":"2025-03-10T22:58:36.935Z"}
{"level":"info","message":"Attempting to reconnect (1/10) in 5 seconds","timestamp":"2025-03-10T22:58:36.936Z"}
{"level":"info","message":"Attempting to connect to survival-mazhar.aternos.me:43839 as MinecraftAfkBot","timestamp":"2025-03-10T22:58:41.941Z"}
{"level":"info","message":"Loading custom skin from: ./skins/custom.png","timestamp":"2025-03-10T22:58:41.942Z"}
{"level":"info","message":"TCP Connection established, attempting server handshake","timestamp":"2025-03-10T22:58:42.149Z"}
{"code":"ECONNRESET","errno":-104,"level":"error","message":"Bot encountered error: read ECONNRESET","stack":"Error: read ECONNRESET\n    at TCP.onStreamRead (node:internal/stream_base_commons:218:20)","syscall":"read","timestamp":"2025-03-10T22:58:42.247Z"}
{"level":"error","message":"Error details: read ECONNRESET","timestamp":"2025-03-10T22:58:42.248Z"}
{"level":"error","message":"Error code: ECONNRESET","timestamp":"2025-03-10T22:58:42.249Z"}
{"level":"info","message":"Attempting to reconnect (2/10) in 10 seconds","timestamp":"2025-03-10T22:58:42.249Z"}
{"level":"info","message":"Attempting to connect to survival-mazhar.aternos.me:43839 as MinecraftAfkBot","timestamp":"2025-03-10T22:58:52.257Z"}
{"level":"info","message":"Loading custom skin from: ./skins/custom.png","timestamp":"2025-03-10T22:58:52.257Z"}
{"level":"info","message":"TCP Connection established, attempting server handshake","timestamp":"2025-03-10T22:58:52.457Z"}
{"level":"info","message":"Attempting to connect to survival-mazhar.aternos.me:43839 as MinecraftAfkBot","timestamp":"2025-03-10T22:59:37.442Z"}
{"level":"info","message":"Loading custom skin from: ./skins/custom.png","timestamp":"2025-03-10T22:59:37.445Z"}
{"level":"info","message":"TCP Connection established, attempting server handshake","timestamp":"2025-03-10T22:59:37.802Z"}
{"level":"info","message":"Attempting to connect to survival-mazhar.aternos.me:43839 as MinecraftAfkBot","timestamp":"2025-03-10T23:00:07.037Z"}
{"level":"info","message":"Loading custom skin from: ./skins/custom.png","timestamp":"2025-03-10T23:00:07.040Z"}
{"level":"info","message":"TCP Connection established, attempting server handshake","timestamp":"2025-03-10T23:00:07.408Z"}
{"level":"info","message":"Attempting to connect to survival-mazhar.aternos.me:43839 as MinecraftAfkBot","timestamp":"2025-03-10T23:00:27.525Z"}
{"level":"info","message":"Loading custom skin from: ./skins/custom.png","timestamp":"2025-03-10T23:00:27.528Z"}
{"level":"info","message":"TCP Connection established, attempting server handshake","timestamp":"2025-03-10T23:00:27.898Z"}
{"level":"info","message":"Successfully logged in to the server","timestamp":"2025-03-10T23:00:28.182Z"}
{"level":"info","message":"Bot successfully spawned in game","timestamp":"2025-03-10T23:00:28.844Z"}
{"level":"info","message":"Connected as MinecraftAfkBot to survival-mazhar.aternos.me:43839","timestamp":"2025-03-10T23:00:28.844Z"}
{"level":"info","message":"Setting up survival behaviors","timestamp":"2025-03-10T23:00:28.844Z"}
{"level":"info","message":"Attempting to connect to survival-mazhar.aternos.me:43839 as MinecraftAfkBot","timestamp":"2025-03-10T23:00:58.951Z"}
{"level":"info","message":"Loading custom skin from: ./skins/custom.png","timestamp":"2025-03-10T23:00:58.955Z"}
{"level":"info","message":"TCP Connection established, attempting server handshake","timestamp":"2025-03-10T23:00:59.328Z"}
{"level":"info","message":"Successfully logged in to the server","timestamp":"2025-03-10T23:00:59.548Z"}
{"level":"info","message":"Bot successfully spawned in game","timestamp":"2025-03-10T23:00:59.859Z"}
{"level":"info","message":"Connected as MinecraftAfkBot to survival-mazhar.aternos.me:43839","timestamp":"2025-03-10T23:00:59.859Z"}
{"level":"info","message":"Setting up survival behaviors","timestamp":"2025-03-10T23:00:59.859Z"}
{"level":"info","message":"Attempting to connect to survival-mazhar.aternos.me:43839 as MinecraftAfkBot","timestamp":"2025-03-10T23:01:20.328Z"}
{"level":"info","message":"Loading custom skin from: ./skins/custom.png","timestamp":"2025-03-10T23:01:20.333Z"}
{"level":"info","message":"TCP Connection established, attempting server handshake","timestamp":"2025-03-10T23:01:20.663Z"}
{"level":"info","message":"Attempting to connect to survival-mazhar.aternos.me:43839 as MinecraftAfkBot","timestamp":"2025-03-10T23:01:45.339Z"}
{"level":"info","message":"Loading custom skin from: ./skins/custom.png","timestamp":"2025-03-10T23:01:45.342Z"}
{"level":"info","message":"TCP Connection established, attempting server handshake","timestamp":"2025-03-10T23:01:45.664Z"}
{"level":"info","message":"Attempting to connect to survival-mazhar.aternos.me:43839 as MinecraftAfkBot","timestamp":"2025-03-10T23:02:15.075Z"}
{"level":"info","message":"Loading custom skin from: ./skins/custom.png","timestamp":"2025-03-10T23:02:15.077Z"}
{"level":"info","message":"TCP Connection established, attempting server handshake","timestamp":"2025-03-10T23:02:15.479Z"}
{"level":"info","message":"Attempting to connect to survival-mazhar.aternos.me:43839 as MinecraftAfkBot","timestamp":"2025-03-10T23:03:12.172Z"}
{"level":"info","message":"Using Minecraft version: 1.20.4","timestamp":"2025-03-10T23:03:12.175Z"}
{"level":"info","message":"Loading custom skin from: ./skins/custom.png","timestamp":"2025-03-10T23:03:12.175Z"}
{"level":"info","message":"TCP Connection established, attempting server handshake","timestamp":"2025-03-10T23:03:12.564Z"}
{"level":"warn","message":"Connection check failed - no entity","timestamp":"2025-03-10T23:04:12.333Z"}
{"level":"info","message":"Attempting to reconnect (1/10) in 5 seconds","timestamp":"2025-03-10T23:04:12.334Z"}
{"level":"warn","message":"Connection attempt already in progress, skipping","timestamp":"2025-03-10T23:04:17.338Z"}
{"level":"warn","message":"Connection check failed - no entity","timestamp":"2025-03-10T23:05:12.347Z"}
{"level":"info","message":"Attempting to reconnect (2/10) in 10 seconds","timestamp":"2025-03-10T23:05:12.347Z"}
{"level":"warn","message":"Connection attempt already in progress, skipping","timestamp":"2025-03-10T23:05:22.356Z"}
{"level":"info","message":"Bot connection ended. Reason: socketClosed","timestamp":"2025-03-10T23:06:03.550Z"}
{"level":"info","message":"Attempting to reconnect (3/10) in 15 seconds","timestamp":"2025-03-10T23:06:03.550Z"}
{"level":"warn","message":"Connection check failed - no entity","timestamp":"2025-03-10T23:06:12.356Z"}
{"level":"info","message":"Attempting to reconnect (4/10) in 20 seconds","timestamp":"2025-03-10T23:06:12.356Z"}
{"level":"warn","message":"Connection attempt already in progress, skipping","timestamp":"2025-03-10T23:06:18.556Z"}
{"level":"warn","message":"Connection attempt already in progress, skipping","timestamp":"2025-03-10T23:06:32.370Z"}
{"level":"warn","message":"Connection check failed - no entity","timestamp":"2025-03-10T23:07:12.396Z"}
{"level":"info","message":"Attempting to reconnect (5/10) in 25 seconds","timestamp":"2025-03-10T23:07:12.396Z"}
{"level":"warn","message":"Connection attempt already in progress, skipping","timestamp":"2025-03-10T23:07:37.421Z"}
{"level":"warn","message":"Connection check failed - no entity","timestamp":"2025-03-10T23:08:12.431Z"}
{"level":"info","message":"Attempting to reconnect (6/10) in 30 seconds","timestamp":"2025-03-10T23:08:12.431Z"}
{"level":"warn","message":"Connection attempt already in progress, skipping","timestamp":"2025-03-10T23:08:42.462Z"}
{"level":"warn","message":"Connection check failed - no entity","timestamp":"2025-03-10T23:09:12.461Z"}
{"level":"info","message":"Attempting to reconnect (7/10) in 35 seconds","timestamp":"2025-03-10T23:09:12.461Z"}
{"level":"warn","message":"Connection attempt already in progress, skipping","timestamp":"2025-03-10T23:09:47.496Z"}
{"level":"warn","message":"Connection check failed - no entity","timestamp":"2025-03-10T23:10:12.486Z"}
{"level":"info","message":"Attempting to reconnect (8/10) in 40 seconds","timestamp":"2025-03-10T23:10:12.487Z"}
{"level":"warn","message":"Connection attempt already in progress, skipping","timestamp":"2025-03-10T23:10:52.527Z"}
{"level":"warn","message":"Connection check failed - no entity","timestamp":"2025-03-10T23:11:12.506Z"}
{"level":"info","message":"Attempting to reconnect (9/10) in 45 seconds","timestamp":"2025-03-10T23:11:12.506Z"}
{"level":"warn","message":"Connection attempt already in progress, skipping","timestamp":"2025-03-10T23:11:57.551Z"}
{"level":"warn","message":"Connection check failed - no entity","timestamp":"2025-03-10T23:12:12.521Z"}
{"level":"info","message":"Attempting to reconnect (10/10) in 50 seconds","timestamp":"2025-03-10T23:12:12.521Z"}
{"level":"warn","message":"Connection attempt already in progress, skipping","timestamp":"2025-03-10T23:13:02.571Z"}
{"level":"warn","message":"Connection check failed - no entity","timestamp":"2025-03-10T23:13:12.531Z"}
{"level":"info","message":"Attempting to connect to survival-mazhar.aternos.me:43839 as MinecraftAfkBot","timestamp":"2025-03-11T18:12:20.489Z"}
{"level":"info","message":"Using Minecraft version: 1.20.4","timestamp":"2025-03-11T18:12:20.493Z"}
{"level":"info","message":"Loading custom skin from: ./skins/custom.png","timestamp":"2025-03-11T18:12:20.493Z"}
{"level":"info","message":"TCP Connection established, attempting server handshake","timestamp":"2025-03-11T18:12:21.463Z"}
{"level":"warn","message":"Connection check failed - no entity","timestamp":"2025-03-11T18:13:21.252Z"}
{"level":"info","message":"Attempting to reconnect (1/10) in 5 seconds","timestamp":"2025-03-11T18:13:21.253Z"}
{"level":"warn","message":"Connection attempt already in progress, skipping","timestamp":"2025-03-11T18:13:26.258Z"}
{"level":"warn","message":"Connection check failed - no entity","timestamp":"2025-03-11T18:14:21.267Z"}
{"level":"info","message":"Attempting to reconnect (2/10) in 10 seconds","timestamp":"2025-03-11T18:14:21.267Z"}
{"level":"warn","message":"Connection attempt already in progress, skipping","timestamp":"2025-03-11T18:14:31.277Z"}
{"level":"info","message":"Attempting to connect to survival-mazhar.aternos.me:43839 as MinecraftAfkBot","timestamp":"2025-03-11T18:14:41.420Z"}
{"level":"info","message":"Using Minecraft version: 1.20.4","timestamp":"2025-03-11T18:14:41.424Z"}
{"level":"info","message":"Loading custom skin from: ./skins/custom.png","timestamp":"2025-03-11T18:14:41.424Z"}
{"level":"info","message":"TCP Connection established, attempting server handshake","timestamp":"2025-03-11T18:14:41.737Z"}
{"level":"warn","message":"Connection check failed - no entity","timestamp":"2025-03-11T18:15:41.535Z"}
{"level":"info","message":"Attempting to reconnect (1/10) in 5 seconds","timestamp":"2025-03-11T18:15:41.535Z"}
{"level":"warn","message":"Connection attempt already in progress, skipping","timestamp":"2025-03-11T18:15:46.539Z"}
{"level":"warn","message":"Connection check failed - no entity","timestamp":"2025-03-11T18:16:41.549Z"}
{"level":"info","message":"Attempting to reconnect (2/10) in 10 seconds","timestamp":"2025-03-11T18:16:41.549Z"}
{"level":"info","message":"Attempting to connect to survival-mazhar.aternos.me:43839 as MinecraftAfkBot","timestamp":"2025-03-11T18:16:51.688Z"}
{"level":"info","message":"Using Minecraft version: 1.20.4","timestamp":"2025-03-11T18:16:51.691Z"}
{"level":"info","message":"Loading custom skin from: ./skins/custom.png","timestamp":"2025-03-11T18:16:51.691Z"}
{"level":"info","message":"TCP Connection established, attempting server handshake","timestamp":"2025-03-11T18:16:52.003Z"}
{"level":"info","message":"Attempting to connect to survival-mazhar.aternos.me:43839 as MinecraftAfkBot","timestamp":"2025-03-11T18:17:10.278Z"}
{"level":"info","message":"Using Minecraft version: 1.20.4","timestamp":"2025-03-11T18:17:10.280Z"}
{"level":"info","message":"Loading custom skin from: ./skins/custom.png","timestamp":"2025-03-11T18:17:10.281Z"}
{"level":"info","message":"TCP Connection established, attempting server handshake","timestamp":"2025-03-11T18:17:10.607Z"}
{"level":"warn","message":"Connection check failed - no entity","timestamp":"2025-03-11T18:18:10.401Z"}
{"level":"info","message":"Attempting to reconnect (1/10) in 5 seconds","timestamp":"2025-03-11T18:18:10.402Z"}
{"level":"warn","message":"Connection attempt already in progress, skipping","timestamp":"2025-03-11T18:18:15.407Z"}
{"level":"warn","message":"Connection check failed - no entity","timestamp":"2025-03-11T18:19:10.415Z"}
{"level":"info","message":"Attempting to reconnect (2/10) in 10 seconds","timestamp":"2025-03-11T18:19:10.415Z"}
{"level":"warn","message":"Connection attempt already in progress, skipping","timestamp":"2025-03-11T18:19:20.426Z"}
{"level":"warn","message":"Connection check failed - no entity","timestamp":"2025-03-11T18:20:10.429Z"}
{"level":"info","message":"Attempting to reconnect (3/10) in 15 seconds","timestamp":"2025-03-11T18:20:10.430Z"}
{"level":"warn","message":"Connection attempt already in progress, skipping","timestamp":"2025-03-11T18:20:25.444Z"}
{"level":"warn","message":"Connection check failed - no entity","timestamp":"2025-03-11T18:21:10.443Z"}
{"level":"info","message":"Attempting to reconnect (4/10) in 20 seconds","timestamp":"2025-03-11T18:21:10.443Z"}
{"level":"warn","message":"Connection attempt already in progress, skipping","timestamp":"2025-03-11T18:21:30.447Z"}
{"level":"info","message":"Attempting to connect to survival-mazhar.aternos.me:43839 as MinecraftAfkBot","timestamp":"2025-03-11T18:21:56.902Z"}
{"level":"info","message":"Using Minecraft version: 1.19.2","timestamp":"2025-03-11T18:21:56.906Z"}
{"level":"info","message":"Loading custom skin from: ./skins/custom.png","timestamp":"2025-03-11T18:21:56.907Z"}
{"level":"info","message":"TCP Connection established, attempting server handshake","timestamp":"2025-03-11T18:21:57.449Z"}
{"level":"info","message":"Successfully logged in to the server","timestamp":"2025-03-11T18:21:57.789Z"}
{"level":"info","message":"Protocol version: 760","timestamp":"2025-03-11T18:21:57.790Z"}
{"level":"info","message":"Game version: 1.19.2","timestamp":"2025-03-11T18:21:57.791Z"}
{"level":"info","message":"Bot successfully spawned in game","timestamp":"2025-03-11T18:21:58.499Z"}
{"level":"info","message":"Connected as MinecraftAfkBot to survival-mazhar.aternos.me:43839","timestamp":"2025-03-11T18:21:58.501Z"}
{"level":"info","message":"Setting up survival behaviors","timestamp":"2025-03-11T18:21:58.502Z"}
{"level":"info","message":"Attempting to connect to survival-mazhar.aternos.me:43839 as MinecraftAfkBot","timestamp":"2025-03-11T18:22:09.312Z"}
{"level":"info","message":"Using Minecraft version: 1.19.2","timestamp":"2025-03-11T18:22:09.316Z"}
{"level":"info","message":"Loading custom skin from: ./skins/custom.png","timestamp":"2025-03-11T18:22:09.316Z"}
{"level":"info","message":"TCP Connection established, attempting server handshake","timestamp":"2025-03-11T18:22:09.637Z"}
{"level":"info","message":"Bot connection ended. Reason: socketClosed","timestamp":"2025-03-11T18:22:09.752Z"}
{"level":"info","message":"Attempting to reconnect (1/10) in 5 seconds","timestamp":"2025-03-11T18:22:09.754Z"}
{"level":"warn","message":"Bot was kicked from server: {\"translate\":\"multiplayer.disconnect.duplicate_login\"}","timestamp":"2025-03-11T18:22:09.761Z"}
{"level":"warn","message":"Login status when kicked: true","timestamp":"2025-03-11T18:22:09.762Z"}
{"level":"warn","message":"Kick reason details:","timestamp":"2025-03-11T18:22:09.763Z","translate":"multiplayer.disconnect.duplicate_login"}
{"level":"info","message":"Attempting to reconnect (2/10) in 10 seconds","timestamp":"2025-03-11T18:22:09.764Z"}
{"level":"info","message":"Successfully logged in to the server","timestamp":"2025-03-11T18:22:09.853Z"}
{"level":"info","message":"Protocol version: 760","timestamp":"2025-03-11T18:22:09.854Z"}
{"level":"info","message":"Game version: 1.19.2","timestamp":"2025-03-11T18:22:09.854Z"}
{"level":"info","message":"Bot successfully spawned in game","timestamp":"2025-03-11T18:22:10.081Z"}
{"level":"info","message":"Connected as MinecraftAfkBot to survival-mazhar.aternos.me:43839","timestamp":"2025-03-11T18:22:10.082Z"}
{"level":"info","message":"Setting up survival behaviors","timestamp":"2025-03-11T18:22:10.082Z"}
{"level":"info","message":"Attempting to connect to survival-mazhar.aternos.me:43839 as MinecraftAfkBot","timestamp":"2025-03-11T18:22:14.755Z"}
{"level":"info","message":"Using Minecraft version: 1.19.2","timestamp":"2025-03-11T18:22:14.756Z"}
{"level":"info","message":"Loading custom skin from: ./skins/custom.png","timestamp":"2025-03-11T18:22:14.757Z"}
{"level":"info","message":"TCP Connection established, attempting server handshake","timestamp":"2025-03-11T18:22:14.959Z"}
{"level":"warn","message":"Bot was kicked from server: {\"translate\":\"multiplayer.disconnect.duplicate_login\"}","timestamp":"2025-03-11T18:22:15.111Z"}
{"level":"warn","message":"Login status when kicked: true","timestamp":"2025-03-11T18:22:15.111Z"}
{"level":"warn","message":"Kick reason details:","timestamp":"2025-03-11T18:22:15.112Z","translate":"multiplayer.disconnect.duplicate_login"}
{"level":"info","message":"Attempting to reconnect (1/10) in 5 seconds","timestamp":"2025-03-11T18:22:15.112Z"}
{"level":"info","message":"Bot connection ended. Reason: socketClosed","timestamp":"2025-03-11T18:22:15.113Z"}
{"level":"info","message":"Attempting to reconnect (2/10) in 10 seconds","timestamp":"2025-03-11T18:22:15.113Z"}
{"level":"info","message":"Successfully logged in to the server","timestamp":"2025-03-11T18:22:15.160Z"}
{"level":"info","message":"Protocol version: 760","timestamp":"2025-03-11T18:22:15.161Z"}
{"level":"info","message":"Game version: 1.19.2","timestamp":"2025-03-11T18:22:15.161Z"}
{"level":"info","message":"Bot successfully spawned in game","timestamp":"2025-03-11T18:22:15.492Z"}
{"level":"info","message":"Connected as MinecraftAfkBot to survival-mazhar.aternos.me:43839","timestamp":"2025-03-11T18:22:15.492Z"}
{"level":"info","message":"Setting up survival behaviors","timestamp":"2025-03-11T18:22:15.493Z"}
{"level":"info","message":"Attempting to connect to survival-mazhar.aternos.me:43839 as MinecraftAfkBot","timestamp":"2025-03-11T18:22:19.765Z"}
{"level":"info","message":"Using Minecraft version: 1.19.2","timestamp":"2025-03-11T18:22:19.765Z"}
{"level":"info","message":"Loading custom skin from: ./skins/custom.png","timestamp":"2025-03-11T18:22:19.765Z"}
{"level":"info","message":"TCP Connection established, attempting server handshake","timestamp":"2025-03-11T18:22:19.977Z"}
{"level":"warn","message":"Bot was kicked from server: {\"translate\":\"multiplayer.disconnect.duplicate_login\"}","timestamp":"2025-03-11T18:22:20.099Z"}
{"level":"warn","message":"Login status when kicked: true","timestamp":"2025-03-11T18:22:20.100Z"}
{"level":"warn","message":"Kick reason details:","timestamp":"2025-03-11T18:22:20.100Z","translate":"multiplayer.disconnect.duplicate_login"}
{"level":"info","message":"Attempting to reconnect (1/10) in 5 seconds","timestamp":"2025-03-11T18:22:20.100Z"}
{"level":"info","message":"Bot connection ended. Reason: socketClosed","timestamp":"2025-03-11T18:22:20.100Z"}
{"level":"info","message":"Attempting to reconnect (2/10) in 10 seconds","timestamp":"2025-03-11T18:22:20.100Z"}
{"level":"info","message":"Attempting to connect to survival-mazhar.aternos.me:43839 as MinecraftAfkBot","timestamp":"2025-03-11T18:22:20.114Z"}
{"level":"info","message":"Using Minecraft version: 1.19.2","timestamp":"2025-03-11T18:22:20.114Z"}
{"level":"info","message":"Loading custom skin from: ./skins/custom.png","timestamp":"2025-03-11T18:22:20.115Z"}
{"level":"info","message":"Successfully logged in to the server","timestamp":"2025-03-11T18:22:20.130Z"}
{"level":"info","message":"Protocol version: 760","timestamp":"2025-03-11T18:22:20.130Z"}
{"level":"info","message":"Game version: 1.19.2","timestamp":"2025-03-11T18:22:20.130Z"}
{"level":"info","message":"TCP Connection established, attempting server handshake","timestamp":"2025-03-11T18:22:20.314Z"}
{"level":"info","message":"Bot successfully spawned in game","timestamp":"2025-03-11T18:22:20.364Z"}
{"level":"info","message":"Connected as MinecraftAfkBot to survival-mazhar.aternos.me:43839","timestamp":"2025-03-11T18:22:20.364Z"}
{"level":"info","message":"Setting up survival behaviors","timestamp":"2025-03-11T18:22:20.364Z"}
{"level":"warn","message":"Bot was kicked from server: \"Connection throttled! Please wait before reconnecting.\"","timestamp":"2025-03-11T18:22:20.413Z"}
{"level":"warn","message":"Login status when kicked: false","timestamp":"2025-03-11T18:22:20.413Z"}
{"level":"warn","message":"Kick reason details:","timestamp":"2025-03-11T18:22:20.413Z"}
{"level":"info","message":"Attempting to reconnect (3/10) in 15 seconds","timestamp":"2025-03-11T18:22:20.414Z"}
{"code":"ECONNRESET","errno":-104,"level":"error","message":"Bot encountered error: read ECONNRESET","stack":"Error: read ECONNRESET\n    at TCP.onStreamRead (node:internal/stream_base_commons:218:20)","syscall":"read","timestamp":"2025-03-11T18:22:20.420Z"}
{"level":"error","message":"Error details: read ECONNRESET","timestamp":"2025-03-11T18:22:20.421Z"}
{"level":"error","message":"Error code: ECONNRESET","timestamp":"2025-03-11T18:22:20.421Z"}
{"level":"info","message":"Protocol version in use: 760","timestamp":"2025-03-11T18:22:20.421Z"}
{"level":"info","message":"Minecraft version: 1.19.2","timestamp":"2025-03-11T18:22:20.421Z"}
{"level":"info","message":"Attempting to reconnect (4/10) in 20 seconds","timestamp":"2025-03-11T18:22:20.421Z"}
{"level":"info","message":"Bot connection ended. Reason: socketClosed","timestamp":"2025-03-11T18:22:20.422Z"}
{"level":"info","message":"Attempting to reconnect (5/10) in 25 seconds","timestamp":"2025-03-11T18:22:20.422Z"}
{"level":"error","message":"Unhandled rejection at:","timestamp":"2025-03-11T18:22:25.088Z"}
{"level":"info","message":"Attempting to connect to survival-mazhar.aternos.me:43839 as MinecraftAfkBot","timestamp":"2025-03-11T18:22:25.101Z"}
{"level":"info","message":"Using Minecraft version: 1.19.2","timestamp":"2025-03-11T18:22:25.101Z"}
{"level":"info","message":"Loading custom skin from: ./skins/custom.png","timestamp":"2025-03-11T18:22:25.102Z"}
{"level":"info","message":"TCP Connection established, attempting server handshake","timestamp":"2025-03-11T18:22:25.301Z"}
{"level":"warn","message":"Bot was kicked from server: {\"translate\":\"multiplayer.disconnect.duplicate_login\"}","timestamp":"2025-03-11T18:22:25.405Z"}
{"level":"warn","message":"Login status when kicked: true","timestamp":"2025-03-11T18:22:25.405Z"}
{"level":"warn","message":"Kick reason details:","timestamp":"2025-03-11T18:22:25.405Z","translate":"multiplayer.disconnect.duplicate_login"}
{"level":"info","message":"Attempting to reconnect (1/10) in 5 seconds","timestamp":"2025-03-11T18:22:25.406Z"}
{"level":"info","message":"Bot connection ended. Reason: socketClosed","timestamp":"2025-03-11T18:22:25.406Z"}
{"level":"info","message":"Attempting to reconnect (2/10) in 10 seconds","timestamp":"2025-03-11T18:22:25.406Z"}
{"level":"info","message":"Successfully logged in to the server","timestamp":"2025-03-11T18:22:25.459Z"}
{"level":"info","message":"Protocol version: 760","timestamp":"2025-03-11T18:22:25.459Z"}
{"level":"info","message":"Game version: 1.19.2","timestamp":"2025-03-11T18:22:25.459Z"}
{"level":"info","message":"Bot successfully spawned in game","timestamp":"2025-03-11T18:22:25.678Z"}
{"level":"info","message":"Connected as MinecraftAfkBot to survival-mazhar.aternos.me:43839","timestamp":"2025-03-11T18:22:25.678Z"}
{"level":"info","message":"Setting up survival behaviors","timestamp":"2025-03-11T18:22:25.678Z"}
{"level":"info","message":"Attempting to connect to survival-mazhar.aternos.me:43839 as MinecraftAfkBot","timestamp":"2025-03-11T18:22:30.100Z"}
{"level":"info","message":"Using Minecraft version: 1.19.2","timestamp":"2025-03-11T18:22:30.101Z"}
{"level":"info","message":"Loading custom skin from: ./skins/custom.png","timestamp":"2025-03-11T18:22:30.101Z"}
{"level":"info","message":"TCP Connection established, attempting server handshake","timestamp":"2025-03-11T18:22:30.299Z"}
{"level":"warn","message":"Bot was kicked from server: {\"translate\":\"multiplayer.disconnect.duplicate_login\"}","timestamp":"2025-03-11T18:22:30.401Z"}
{"level":"warn","message":"Login status when kicked: true","timestamp":"2025-03-11T18:22:30.401Z"}
{"level":"warn","message":"Kick reason details:","timestamp":"2025-03-11T18:22:30.401Z","translate":"multiplayer.disconnect.duplicate_login"}
{"level":"info","message":"Attempting to reconnect (1/10) in 5 seconds","timestamp":"2025-03-11T18:22:30.401Z"}
{"level":"info","message":"Bot connection ended. Reason: socketClosed","timestamp":"2025-03-11T18:22:30.401Z"}
{"level":"info","message":"Attempting to reconnect (2/10) in 10 seconds","timestamp":"2025-03-11T18:22:30.402Z"}
{"level":"info","message":"Attempting to connect to survival-mazhar.aternos.me:43839 as MinecraftAfkBot","timestamp":"2025-03-11T18:22:30.406Z"}
{"level":"info","message":"Using Minecraft version: 1.19.2","timestamp":"2025-03-11T18:22:30.407Z"}
{"level":"info","message":"Loading custom skin from: ./skins/custom.png","timestamp":"2025-03-11T18:22:30.407Z"}
{"level":"info","message":"Successfully logged in to the server","timestamp":"2025-03-11T18:22:30.448Z"}
{"level":"info","message":"Protocol version: 760","timestamp":"2025-03-11T18:22:30.449Z"}
{"level":"info","message":"Game version: 1.19.2","timestamp":"2025-03-11T18:22:30.449Z"}
{"level":"error","message":"Unhandled rejection at:","timestamp":"2025-03-11T18:22:30.493Z"}
{"level":"info","message":"Attempting to connect to survival-mazhar.aternos.me:43839 as MinecraftAfkBot","timestamp":"2025-03-11T18:22:33.469Z"}
{"level":"info","message":"Using Minecraft version: 1.19.2","timestamp":"2025-03-11T18:22:33.473Z"}
{"level":"info","message":"Loading custom skin from: ./skins/custom.png","timestamp":"2025-03-11T18:22:33.473Z"}
{"level":"info","message":"TCP Connection established, attempting server handshake","timestamp":"2025-03-11T18:22:33.788Z"}
{"level":"warn","message":"Bot was kicked from server: \"Connection throttled! Please wait before reconnecting.\"","timestamp":"2025-03-11T18:22:33.859Z"}
{"level":"warn","message":"Login status when kicked: false","timestamp":"2025-03-11T18:22:33.859Z"}
{"level":"warn","message":"Kick reason details:","timestamp":"2025-03-11T18:22:33.860Z"}
{"level":"info","message":"Attempting to reconnect (1/10) in 5 seconds","timestamp":"2025-03-11T18:22:33.860Z"}
{"level":"info","message":"Bot connection ended. Reason: socketClosed","timestamp":"2025-03-11T18:22:33.862Z"}
{"level":"info","message":"Attempting to reconnect (2/10) in 10 seconds","timestamp":"2025-03-11T18:22:33.862Z"}
{"level":"info","message":"Attempting to connect to survival-mazhar.aternos.me:43839 as MinecraftAfkBot","timestamp":"2025-03-11T18:22:38.866Z"}
{"level":"info","message":"Using Minecraft version: 1.19.2","timestamp":"2025-03-11T18:22:38.867Z"}
{"level":"info","message":"Loading custom skin from: ./skins/custom.png","timestamp":"2025-03-11T18:22:38.867Z"}
{"level":"info","message":"TCP Connection established, attempting server handshake","timestamp":"2025-03-11T18:22:39.064Z"}
{"level":"info","message":"Successfully logged in to the server","timestamp":"2025-03-11T18:22:39.304Z"}
{"level":"info","message":"Protocol version: 760","timestamp":"2025-03-11T18:22:39.304Z"}
{"level":"info","message":"Game version: 1.19.2","timestamp":"2025-03-11T18:22:39.305Z"}
{"level":"info","message":"Bot successfully spawned in game","timestamp":"2025-03-11T18:22:39.487Z"}
{"level":"info","message":"Connected as MinecraftAfkBot to survival-mazhar.aternos.me:43839","timestamp":"2025-03-11T18:22:39.490Z"}
{"level":"info","message":"Setting up survival behaviors","timestamp":"2025-03-11T18:22:39.490Z"}
{"level":"info","message":"Attempting to connect to survival-mazhar.aternos.me:43839 as MinecraftAfkBot","timestamp":"2025-03-11T18:22:43.863Z"}
{"level":"info","message":"Using Minecraft version: 1.19.2","timestamp":"2025-03-11T18:22:43.863Z"}
{"level":"info","message":"Loading custom skin from: ./skins/custom.png","timestamp":"2025-03-11T18:22:43.863Z"}
{"level":"info","message":"TCP Connection established, attempting server handshake","timestamp":"2025-03-11T18:22:44.061Z"}
{"level":"info","message":"Bot connection ended. Reason: socketClosed","timestamp":"2025-03-11T18:22:44.207Z"}
{"level":"info","message":"Attempting to reconnect (1/10) in 5 seconds","timestamp":"2025-03-11T18:22:44.208Z"}
{"level":"warn","message":"Bot was kicked from server: {\"translate\":\"multiplayer.disconnect.duplicate_login\"}","timestamp":"2025-03-11T18:22:44.211Z"}
{"level":"warn","message":"Login status when kicked: true","timestamp":"2025-03-11T18:22:44.211Z"}
{"level":"warn","message":"Kick reason details:","timestamp":"2025-03-11T18:22:44.211Z","translate":"multiplayer.disconnect.duplicate_login"}
{"level":"info","message":"Attempting to reconnect (2/10) in 10 seconds","timestamp":"2025-03-11T18:22:44.212Z"}
{"level":"info","message":"Successfully logged in to the server","timestamp":"2025-03-11T18:22:44.245Z"}
{"level":"info","message":"Protocol version: 760","timestamp":"2025-03-11T18:22:44.246Z"}
{"level":"info","message":"Game version: 1.19.2","timestamp":"2025-03-11T18:22:44.246Z"}
{"level":"info","message":"Bot successfully spawned in game","timestamp":"2025-03-11T18:22:44.503Z"}
{"level":"info","message":"Connected as MinecraftAfkBot to survival-mazhar.aternos.me:43839","timestamp":"2025-03-11T18:22:44.504Z"}
{"level":"info","message":"Setting up survival behaviors","timestamp":"2025-03-11T18:22:44.505Z"}
{"level":"info","message":"Attempting to connect to survival-mazhar.aternos.me:43839 as MinecraftAfkBot","timestamp":"2025-03-11T18:22:49.208Z"}
{"level":"info","message":"Using Minecraft version: 1.19.2","timestamp":"2025-03-11T18:22:49.208Z"}
{"level":"info","message":"Loading custom skin from: ./skins/custom.png","timestamp":"2025-03-11T18:22:49.208Z"}
{"level":"info","message":"TCP Connection established, attempting server handshake","timestamp":"2025-03-11T18:22:49.405Z"}
{"level":"warn","message":"Bot was kicked from server: {\"translate\":\"multiplayer.disconnect.duplicate_login\"}","timestamp":"2025-03-11T18:22:49.555Z"}
{"level":"warn","message":"Login status when kicked: true","timestamp":"2025-03-11T18:22:49.556Z"}
{"level":"warn","message":"Kick reason details:","timestamp":"2025-03-11T18:22:49.556Z","translate":"multiplayer.disconnect.duplicate_login"}
{"level":"info","message":"Attempting to reconnect (1/10) in 5 seconds","timestamp":"2025-03-11T18:22:49.556Z"}
{"level":"info","message":"Bot connection ended. Reason: socketClosed","timestamp":"2025-03-11T18:22:49.556Z"}
{"level":"info","message":"Attempting to reconnect (2/10) in 10 seconds","timestamp":"2025-03-11T18:22:49.556Z"}
{"level":"info","message":"Successfully logged in to the server","timestamp":"2025-03-11T18:22:49.583Z"}
{"level":"info","message":"Protocol version: 760","timestamp":"2025-03-11T18:22:49.584Z"}
{"level":"info","message":"Game version: 1.19.2","timestamp":"2025-03-11T18:22:49.584Z"}
{"level":"info","message":"Bot successfully spawned in game","timestamp":"2025-03-11T18:22:49.796Z"}
{"level":"info","message":"Connected as MinecraftAfkBot to survival-mazhar.aternos.me:43839","timestamp":"2025-03-11T18:22:49.796Z"}
{"level":"info","message":"Setting up survival behaviors","timestamp":"2025-03-11T18:22:49.797Z"}
{"level":"info","message":"Attempting to connect to survival-mazhar.aternos.me:43839 as MinecraftAfkBot","timestamp":"2025-03-11T18:22:54.592Z"}
{"level":"info","message":"Using Minecraft version: 1.19.2","timestamp":"2025-03-11T18:22:54.595Z"}
{"level":"info","message":"Loading custom skin from: ./skins/custom.png","timestamp":"2025-03-11T18:22:54.596Z"}
{"level":"info","message":"TCP Connection established, attempting server handshake","timestamp":"2025-03-11T18:22:54.940Z"}
{"level":"info","message":"Successfully logged in to the server","timestamp":"2025-03-11T18:22:55.139Z"}
{"level":"info","message":"Protocol version: 760","timestamp":"2025-03-11T18:22:55.140Z"}
{"level":"info","message":"Game version: 1.19.2","timestamp":"2025-03-11T18:22:55.140Z"}
{"level":"info","message":"Bot successfully spawned in game","timestamp":"2025-03-11T18:22:55.320Z"}
{"level":"info","message":"Connected as MinecraftAfkBot to survival-mazhar.aternos.me:43839","timestamp":"2025-03-11T18:22:55.320Z"}
{"level":"info","message":"Setting up survival behaviors","timestamp":"2025-03-11T18:22:55.320Z"}
{"level":"warn","message":"Bot was kicked from server: {\"translate\":\"multiplayer.disconnect.idling\"}","timestamp":"2025-03-11T18:52:55.093Z"}
{"level":"warn","message":"Login status when kicked: true","timestamp":"2025-03-11T18:52:55.096Z"}
{"level":"warn","message":"Kick reason details:","timestamp":"2025-03-11T18:52:55.096Z","translate":"multiplayer.disconnect.idling"}
{"level":"info","message":"Attempting to reconnect (1/10) in 5 seconds","timestamp":"2025-03-11T18:52:55.097Z"}
{"level":"info","message":"Bot connection ended. Reason: socketClosed","timestamp":"2025-03-11T18:52:55.098Z"}
{"level":"info","message":"Attempting to reconnect (2/10) in 10 seconds","timestamp":"2025-03-11T18:52:55.098Z"}
{"level":"info","message":"Attempting to connect to survival-mazhar.aternos.me:43839 as MinecraftAfkBot","timestamp":"2025-03-11T18:53:00.102Z"}
{"level":"info","message":"Using Minecraft version: 1.19.2","timestamp":"2025-03-11T18:53:00.102Z"}
{"level":"info","message":"Loading custom skin from: ./skins/custom.png","timestamp":"2025-03-11T18:53:00.102Z"}
{"level":"info","message":"TCP Connection established, attempting server handshake","timestamp":"2025-03-11T18:53:00.318Z"}
{"level":"info","message":"Successfully logged in to the server","timestamp":"2025-03-11T18:53:00.467Z"}
{"level":"info","message":"Protocol version: 760","timestamp":"2025-03-11T18:53:00.468Z"}
{"level":"info","message":"Game version: 1.19.2","timestamp":"2025-03-11T18:53:00.468Z"}
{"level":"info","message":"Bot successfully spawned in game","timestamp":"2025-03-11T18:53:00.705Z"}
{"level":"info","message":"Connected as MinecraftAfkBot to survival-mazhar.aternos.me:43839","timestamp":"2025-03-11T18:53:00.705Z"}
{"level":"info","message":"Setting up survival behaviors","timestamp":"2025-03-11T18:53:00.706Z"}
{"level":"info","message":"Attempting to connect to survival-mazhar.aternos.me:43839 as MinecraftAfkBot","timestamp":"2025-03-11T18:53:05.098Z"}
{"level":"info","message":"Using Minecraft version: 1.19.2","timestamp":"2025-03-11T18:53:05.099Z"}
{"level":"info","message":"Loading custom skin from: ./skins/custom.png","timestamp":"2025-03-11T18:53:05.099Z"}
{"level":"info","message":"TCP Connection established, attempting server handshake","timestamp":"2025-03-11T18:53:05.393Z"}
{"level":"warn","message":"Bot was kicked from server: {\"translate\":\"multiplayer.disconnect.duplicate_login\"}","timestamp":"2025-03-11T18:53:05.498Z"}
{"level":"warn","message":"Login status when kicked: true","timestamp":"2025-03-11T18:53:05.499Z"}
{"level":"warn","message":"Kick reason details:","timestamp":"2025-03-11T18:53:05.499Z","translate":"multiplayer.disconnect.duplicate_login"}
{"level":"info","message":"Attempting to reconnect (1/10) in 5 seconds","timestamp":"2025-03-11T18:53:05.499Z"}
{"level":"info","message":"Bot connection ended. Reason: socketClosed","timestamp":"2025-03-11T18:53:05.499Z"}
{"level":"info","message":"Attempting to reconnect (2/10) in 10 seconds","timestamp":"2025-03-11T18:53:05.499Z"}
{"level":"info","message":"Successfully logged in to the server","timestamp":"2025-03-11T18:53:05.530Z"}
{"level":"info","message":"Protocol version: 760","timestamp":"2025-03-11T18:53:05.530Z"}
{"level":"info","message":"Game version: 1.19.2","timestamp":"2025-03-11T18:53:05.530Z"}
{"level":"info","message":"Bot successfully spawned in game","timestamp":"2025-03-11T18:53:05.735Z"}
{"level":"info","message":"Connected as MinecraftAfkBot to survival-mazhar.aternos.me:43839","timestamp":"2025-03-11T18:53:05.736Z"}
{"level":"info","message":"Setting up survival behaviors","timestamp":"2025-03-11T18:53:05.736Z"}
{"level":"info","message":"Attempting to connect to survival-mazhar.aternos.me:43839 as MinecraftAfkBot","timestamp":"2025-03-11T18:53:10.499Z"}
{"level":"info","message":"Using Minecraft version: 1.19.2","timestamp":"2025-03-11T18:53:10.499Z"}
{"level":"info","message":"Loading custom skin from: ./skins/custom.png","timestamp":"2025-03-11T18:53:10.500Z"}
{"level":"info","message":"TCP Connection established, attempting server handshake","timestamp":"2025-03-11T18:53:10.694Z"}
{"level":"warn","message":"Bot was kicked from server: {\"translate\":\"multiplayer.disconnect.duplicate_login\"}","timestamp":"2025-03-11T18:53:10.816Z"}
{"level":"warn","message":"Login status when kicked: true","timestamp":"2025-03-11T18:53:10.816Z"}
{"level":"warn","message":"Kick reason details:","timestamp":"2025-03-11T18:53:10.816Z","translate":"multiplayer.disconnect.duplicate_login"}
{"level":"info","message":"Attempting to reconnect (1/10) in 5 seconds","timestamp":"2025-03-11T18:53:10.817Z"}
{"level":"info","message":"Bot connection ended. Reason: socketClosed","timestamp":"2025-03-11T18:53:10.817Z"}
{"level":"info","message":"Attempting to reconnect (2/10) in 10 seconds","timestamp":"2025-03-11T18:53:10.817Z"}
{"level":"info","message":"Successfully logged in to the server","timestamp":"2025-03-11T18:53:10.854Z"}
{"level":"info","message":"Protocol version: 760","timestamp":"2025-03-11T18:53:10.855Z"}
{"level":"info","message":"Game version: 1.19.2","timestamp":"2025-03-11T18:53:10.855Z"}
{"level":"info","message":"Bot successfully spawned in game","timestamp":"2025-03-11T18:53:11.059Z"}
{"level":"info","message":"Connected as MinecraftAfkBot to survival-mazhar.aternos.me:43839","timestamp":"2025-03-11T18:53:11.059Z"}
{"level":"info","message":"Setting up survival behaviors","timestamp":"2025-03-11T18:53:11.059Z"}
{"level":"info","message":"Attempting to connect to survival-mazhar.aternos.me:43839 as MinecraftAfkBot","timestamp":"2025-03-11T18:53:15.499Z"}
{"level":"info","message":"Using Minecraft version: 1.19.2","timestamp":"2025-03-11T18:53:15.500Z"}
{"level":"info","message":"Loading custom skin from: ./skins/custom.png","timestamp":"2025-03-11T18:53:15.501Z"}
{"level":"error","message":"Unhandled rejection at:","timestamp":"2025-03-11T18:53:15.707Z"}
{"level":"info","message":"Attempting to connect to survival-mazhar.aternos.me:43839 as MinecraftAfkBot","timestamp":"2025-03-14T18:32:10.837Z"}
{"level":"info","message":"Using Minecraft version: 1.19.2","timestamp":"2025-03-14T18:32:10.841Z"}
{"level":"info","message":"Loading custom skin from: ./skins/custom.png","timestamp":"2025-03-14T18:32:10.841Z"}
{"level":"info","message":"TCP Connection established, attempting server handshake","timestamp":"2025-03-14T18:32:11.804Z"}
{"code":"ECONNRESET","errno":-104,"level":"error","message":"Bot encountered error: read ECONNRESET","stack":"Error: read ECONNRESET\n    at TCP.onStreamRead (node:internal/stream_base_commons:218:20)","syscall":"read","timestamp":"2025-03-14T18:32:11.881Z"}
{"level":"error","message":"Error details: read ECONNRESET","timestamp":"2025-03-14T18:32:11.882Z"}
{"level":"error","message":"Error code: ECONNRESET","timestamp":"2025-03-14T18:32:11.882Z"}
{"level":"info","message":"Protocol version in use: 760","timestamp":"2025-03-14T18:32:11.882Z"}
{"level":"info","message":"Minecraft version: 1.19.2","timestamp":"2025-03-14T18:32:11.883Z"}
{"level":"info","message":"Attempting to reconnect (1/10) in 5 seconds","timestamp":"2025-03-14T18:32:11.883Z"}
{"level":"info","message":"Bot connection ended. Reason: socketClosed","timestamp":"2025-03-14T18:32:11.884Z"}
{"level":"info","message":"Attempting to reconnect (2/10) in 10 seconds","timestamp":"2025-03-14T18:32:11.884Z"}
{"level":"info","message":"Attempting to connect to survival-mazhar.aternos.me:43839 as MinecraftAfkBot","timestamp":"2025-03-14T18:32:16.889Z"}
{"level":"info","message":"Using Minecraft version: 1.19.2","timestamp":"2025-03-14T18:32:16.889Z"}
{"level":"info","message":"Loading custom skin from: ./skins/custom.png","timestamp":"2025-03-14T18:32:16.889Z"}
{"level":"info","message":"TCP Connection established, attempting server handshake","timestamp":"2025-03-14T18:32:17.094Z"}
{"level":"info","message":"Bot connection ended. Reason: socketClosed","timestamp":"2025-03-14T18:32:17.194Z"}
{"level":"info","message":"Attempting to reconnect (3/10) in 15 seconds","timestamp":"2025-03-14T18:32:17.194Z"}
{"level":"info","message":"Attempting to connect to survival-mazhar.aternos.me:43839 as MinecraftAfkBot","timestamp":"2025-03-14T18:32:20.562Z"}
{"level":"info","message":"Using Minecraft version: 1.19.2","timestamp":"2025-03-14T18:32:20.564Z"}
{"level":"info","message":"Loading custom skin from: ./skins/custom.png","timestamp":"2025-03-14T18:32:20.565Z"}
{"level":"info","message":"TCP Connection established, attempting server handshake","timestamp":"2025-03-14T18:32:20.822Z"}
{"level":"info","message":"Bot connection ended. Reason: socketClosed","timestamp":"2025-03-14T18:32:20.899Z"}
{"level":"info","message":"Attempting to reconnect (1/10) in 5 seconds","timestamp":"2025-03-14T18:32:20.900Z"}
{"level":"warn","message":"Connection attempt already in progress, skipping","timestamp":"2025-03-14T18:32:25.905Z"}
{"level":"info","message":"Attempting to connect to survival-mazhar.aternos.me:43839 as MinecraftAfkBot","timestamp":"2025-03-14T18:33:13.305Z"}
{"level":"info","message":"Using Minecraft version: 1.19.2","timestamp":"2025-03-14T18:33:13.308Z"}
{"level":"info","message":"Loading custom skin from: ./skins/custom.png","timestamp":"2025-03-14T18:33:13.309Z"}
{"level":"info","message":"TCP Connection established, attempting server handshake","timestamp":"2025-03-14T18:33:13.600Z"}
{"level":"info","message":"Successfully logged in to the server","timestamp":"2025-03-14T18:33:14.170Z"}
{"level":"info","message":"Protocol version: 760","timestamp":"2025-03-14T18:33:14.170Z"}
{"level":"info","message":"Game version: 1.19.2","timestamp":"2025-03-14T18:33:14.170Z"}
{"level":"info","message":"Bot successfully spawned in game","timestamp":"2025-03-14T18:33:15.066Z"}
{"level":"info","message":"Connected as MinecraftAfkBot to survival-mazhar.aternos.me:43839","timestamp":"2025-03-14T18:33:15.067Z"}
{"level":"info","message":"Setting up survival behaviors","timestamp":"2025-03-14T18:33:15.067Z"}
{"level":"info","message":"Chat message from Server: Made MinecraftAfkBot a server operator]","timestamp":"2025-03-14T18:34:37.334Z"}
{"level":"info","message":"Attempting to connect to survival-mazhar.aternos.me:43839 as MinecraftAfkBot","timestamp":"2025-03-14T18:35:14.462Z"}
{"level":"info","message":"Using Minecraft version: 1.19.2","timestamp":"2025-03-14T18:35:14.465Z"}
{"level":"info","message":"Loading custom skin from: ./skins/custom.png","timestamp":"2025-03-14T18:35:14.465Z"}
{"level":"info","message":"TCP Connection established, attempting server handshake","timestamp":"2025-03-14T18:35:14.790Z"}
{"level":"info","message":"Successfully logged in to the server","timestamp":"2025-03-14T18:35:15.034Z"}
{"level":"info","message":"Protocol version: 760","timestamp":"2025-03-14T18:35:15.034Z"}
{"level":"info","message":"Game version: 1.19.2","timestamp":"2025-03-14T18:35:15.034Z"}
{"level":"info","message":"Bot successfully spawned in game","timestamp":"2025-03-14T18:35:15.255Z"}
{"level":"info","message":"Connected as MinecraftAfkBot to survival-mazhar.aternos.me:43839","timestamp":"2025-03-14T18:35:15.256Z"}
{"level":"info","message":"Setting up survival behaviors","timestamp":"2025-03-14T18:35:15.256Z"}
{"level":"info","message":"Attempting to set gamemode to creative","timestamp":"2025-03-14T18:35:20.257Z"}
{"level":"info","message":"Chat message from MazharulIslam: Teleported MazharulIslam to MinecraftAfkBot]","timestamp":"2025-03-14T18:43:20.656Z"}
{"level":"info","message":"Chat message from MazharulIslam: hello","timestamp":"2025-03-14T18:43:31.941Z"}
{"level":"warn","message":"Bot was kicked from server: {\"translate\":\"multiplayer.disconnect.idling\"}","timestamp":"2025-03-14T19:05:20.365Z"}
{"level":"warn","message":"Login status when kicked: true","timestamp":"2025-03-14T19:05:20.367Z"}
{"level":"warn","message":"Kick reason details:","timestamp":"2025-03-14T19:05:20.368Z","translate":"multiplayer.disconnect.idling"}
{"level":"info","message":"Attempting to reconnect (1/10) in 5 seconds","timestamp":"2025-03-14T19:05:20.368Z"}
{"level":"info","message":"Bot connection ended. Reason: socketClosed","timestamp":"2025-03-14T19:05:20.369Z"}
{"level":"info","message":"Attempting to reconnect (2/10) in 10 seconds","timestamp":"2025-03-14T19:05:20.369Z"}
{"level":"info","message":"Attempting to connect to survival-mazhar.aternos.me:43839 as MinecraftAfkBot","timestamp":"2025-03-14T19:05:25.373Z"}
{"level":"info","message":"Using Minecraft version: 1.19.2","timestamp":"2025-03-14T19:05:25.373Z"}
{"level":"info","message":"Loading custom skin from: ./skins/custom.png","timestamp":"2025-03-14T19:05:25.373Z"}
{"level":"info","message":"TCP Connection established, attempting server handshake","timestamp":"2025-03-14T19:05:25.599Z"}
{"level":"info","message":"Successfully logged in to the server","timestamp":"2025-03-14T19:05:25.772Z"}
{"level":"info","message":"Protocol version: 760","timestamp":"2025-03-14T19:05:25.773Z"}
{"level":"info","message":"Game version: 1.19.2","timestamp":"2025-03-14T19:05:25.773Z"}
{"level":"info","message":"Bot successfully spawned in game","timestamp":"2025-03-14T19:05:26.019Z"}
{"level":"info","message":"Connected as MinecraftAfkBot to survival-mazhar.aternos.me:43839","timestamp":"2025-03-14T19:05:26.020Z"}
{"level":"info","message":"Setting up survival behaviors","timestamp":"2025-03-14T19:05:26.020Z"}
{"level":"info","message":"Attempting to connect to survival-mazhar.aternos.me:43839 as MinecraftAfkBot","timestamp":"2025-03-14T19:05:30.371Z"}
{"level":"info","message":"Using Minecraft version: 1.19.2","timestamp":"2025-03-14T19:05:30.372Z"}
{"level":"info","message":"Loading custom skin from: ./skins/custom.png","timestamp":"2025-03-14T19:05:30.373Z"}
{"level":"info","message":"TCP Connection established, attempting server handshake","timestamp":"2025-03-14T19:05:30.587Z"}
{"level":"warn","message":"Bot was kicked from server: {\"translate\":\"multiplayer.disconnect.duplicate_login\"}","timestamp":"2025-03-14T19:05:30.732Z"}
{"level":"warn","message":"Login status when kicked: true","timestamp":"2025-03-14T19:05:30.733Z"}
{"level":"warn","message":"Kick reason details:","timestamp":"2025-03-14T19:05:30.733Z","translate":"multiplayer.disconnect.duplicate_login"}
{"level":"info","message":"Attempting to reconnect (1/10) in 5 seconds","timestamp":"2025-03-14T19:05:30.733Z"}
{"level":"info","message":"Bot connection ended. Reason: socketClosed","timestamp":"2025-03-14T19:05:30.734Z"}
{"level":"info","message":"Attempting to reconnect (2/10) in 10 seconds","timestamp":"2025-03-14T19:05:30.734Z"}
{"level":"info","message":"Successfully logged in to the server","timestamp":"2025-03-14T19:05:30.791Z"}
{"level":"info","message":"Protocol version: 760","timestamp":"2025-03-14T19:05:30.791Z"}
{"level":"info","message":"Game version: 1.19.2","timestamp":"2025-03-14T19:05:30.792Z"}
{"level":"info","message":"Attempting to set gamemode to creative","timestamp":"2025-03-14T19:05:31.037Z"}
{"level":"info","message":"Bot successfully spawned in game","timestamp":"2025-03-14T19:05:31.067Z"}
{"level":"info","message":"Connected as MinecraftAfkBot to survival-mazhar.aternos.me:43839","timestamp":"2025-03-14T19:05:31.067Z"}
{"level":"info","message":"Setting up survival behaviors","timestamp":"2025-03-14T19:05:31.067Z"}
{"level":"info","message":"Attempting to connect to survival-mazhar.aternos.me:43839 as MinecraftAfkBot","timestamp":"2025-03-14T19:05:35.734Z"}
{"level":"info","message":"Using Minecraft version: 1.19.2","timestamp":"2025-03-14T19:05:35.735Z"}
{"level":"info","message":"Loading custom skin from: ./skins/custom.png","timestamp":"2025-03-14T19:05:35.735Z"}
{"level":"info","message":"TCP Connection established, attempting server handshake","timestamp":"2025-03-14T19:05:35.936Z"}
{"level":"info","message":"Attempting to set gamemode to creative","timestamp":"2025-03-14T19:05:36.067Z"}
